2017-08-28 16:12:05,342 INFO o.a.j.u.JMeterUtils: Setting Locale to fr_FR
2017-08-28 16:12:05,353 INFO o.a.j.u.JMeterUtils: Could not find resources for 'fr_FR', using 'fr'
2017-08-28 16:12:05,354 INFO o.a.j.JMeter: Loading user properties from: /home/rocaweb/Téléchargements/apache-jmeter-3.2/bin/user.properties
2017-08-28 16:12:05,354 INFO o.a.j.JMeter: Loading system properties from: /home/rocaweb/Téléchargements/apache-jmeter-3.2/bin/system.properties
2017-08-28 16:12:05,355 INFO o.a.j.JMeter: Setting JMeter property: csv_file=/home/rocaweb/Documents/rocaweb-scripts/nodes.csv
2017-08-28 16:12:05,355 INFO o.a.j.JMeter: Setting JMeter property: location=/home/rocaweb/Documents/rocaweb-scripts/regexlearner/2017-08-28_16h12
2017-08-28 16:12:05,355 INFO o.a.j.JMeter: Setting JMeter property: start_value=157
2017-08-28 16:12:05,358 INFO o.a.j.JMeter: Copyright (c) 1998-2017 The Apache Software Foundation
2017-08-28 16:12:05,358 INFO o.a.j.JMeter: Version 3.2 r1790748
2017-08-28 16:12:05,358 INFO o.a.j.JMeter: java.version=1.8.0_131
2017-08-28 16:12:05,358 INFO o.a.j.JMeter: java.vm.name=OpenJDK 64-Bit Server VM
2017-08-28 16:12:05,358 INFO o.a.j.JMeter: os.name=Linux
2017-08-28 16:12:05,358 INFO o.a.j.JMeter: os.arch=amd64
2017-08-28 16:12:05,358 INFO o.a.j.JMeter: os.version=3.16.0-4-amd64
2017-08-28 16:12:05,358 INFO o.a.j.JMeter: file.encoding=UTF-8
2017-08-28 16:12:05,358 INFO o.a.j.JMeter: Max memory     =536870912
2017-08-28 16:12:05,358 INFO o.a.j.JMeter: Available Processors =4
2017-08-28 16:12:05,363 INFO o.a.j.JMeter: Default Locale=français (France)
2017-08-28 16:12:05,364 INFO o.a.j.JMeter: JMeter  Locale=français (France)
2017-08-28 16:12:05,364 INFO o.a.j.JMeter: JMeterHome=/home/rocaweb/Téléchargements/apache-jmeter-3.2
2017-08-28 16:12:05,364 INFO o.a.j.JMeter: user.dir  =/home/rocaweb/Documents/rocaweb-scripts/Installation-setup/jmeter-scripts-OK-ATCK/OK
2017-08-28 16:12:05,364 INFO o.a.j.JMeter: PWD       =/home/rocaweb/Documents/rocaweb-scripts/Installation-setup/jmeter-scripts-OK-ATCK/OK
2017-08-28 16:12:05,364 INFO o.a.j.JMeter: IP: 127.0.1.1 Name: debian8 FullName: debian8
2017-08-28 16:12:05,366 INFO o.a.j.s.FileServer: Default base='/home/rocaweb/Documents/rocaweb-scripts/Installation-setup/jmeter-scripts-OK-ATCK/OK'
2017-08-28 16:12:05,366 INFO o.a.j.s.FileServer: Set new base='/home/rocaweb/Documents/rocaweb-scripts/scripts/jmeter-scripts'
2017-08-28 16:12:05,437 INFO o.a.j.s.SaveService: Testplan (JMX) version: 2.2. Testlog (JTL) version: 2.2
2017-08-28 16:12:05,445 INFO o.a.j.s.SaveService: Using SaveService properties file encoding UTF-8
2017-08-28 16:12:05,448 INFO o.a.j.s.SaveService: Using SaveService properties version 3.2
2017-08-28 16:12:05,452 INFO o.a.j.s.SaveService: Loading file: /home/rocaweb/Documents/rocaweb-scripts/scripts/jmeter-scripts/rules_production_jmeter_IMPORT.jmx
2017-08-28 16:12:05,493 INFO o.a.j.p.h.s.HTTPSamplerBase: Parser for text/html is org.apache.jmeter.protocol.http.parser.LagartoBasedHtmlParser
2017-08-28 16:12:05,493 INFO o.a.j.p.h.s.HTTPSamplerBase: Parser for application/xhtml+xml is org.apache.jmeter.protocol.http.parser.LagartoBasedHtmlParser
2017-08-28 16:12:05,493 INFO o.a.j.p.h.s.HTTPSamplerBase: Parser for application/xml is org.apache.jmeter.protocol.http.parser.LagartoBasedHtmlParser
2017-08-28 16:12:05,493 INFO o.a.j.p.h.s.HTTPSamplerBase: Parser for text/xml is org.apache.jmeter.protocol.http.parser.LagartoBasedHtmlParser
2017-08-28 16:12:05,493 INFO o.a.j.p.h.s.HTTPSamplerBase: Parser for text/vnd.wap.wml is org.apache.jmeter.protocol.http.parser.RegexpHTMLParser
2017-08-28 16:12:05,493 INFO o.a.j.p.h.s.HTTPSamplerBase: Parser for text/css is org.apache.jmeter.protocol.http.parser.CssParser
2017-08-28 16:12:05,504 INFO o.a.j.JMeter: Creating summariser <summary>
2017-08-28 16:12:05,508 INFO o.a.j.e.StandardJMeterEngine: Running the test!
2017-08-28 16:12:05,509 INFO o.a.j.s.SampleEvent: List of sample_variables: []
2017-08-28 16:12:05,509 INFO o.a.j.s.SampleEvent: List of sample_variables: []
2017-08-28 16:12:05,511 INFO o.a.j.e.u.CompoundVariable: Note: Function class names must contain the string: '.functions.'
2017-08-28 16:12:05,511 INFO o.a.j.e.u.CompoundVariable: Note: Function class names must not contain the string: '.gui.'
2017-08-28 16:12:05,806 INFO o.a.j.JMeter: Lancer test (1503929525806)
2017-08-28 16:12:05,838 INFO o.a.j.e.StandardJMeterEngine: Starting ThreadGroup: 1 : PROFILES
2017-08-28 16:12:05,838 INFO o.a.j.e.StandardJMeterEngine: Starting 1 threads for group PROFILES.
2017-08-28 16:12:05,838 INFO o.a.j.e.StandardJMeterEngine: Thread will continue on error
2017-08-28 16:12:05,838 INFO o.a.j.t.ThreadGroup: Starting thread group... number=1 threads=1 ramp-up=1 perThread=1000.0 delayedStart=false
2017-08-28 16:12:05,842 INFO o.a.j.t.ThreadGroup: Started thread group number 1
2017-08-28 16:12:05,842 INFO o.a.j.e.StandardJMeterEngine: All thread groups have been started
2017-08-28 16:12:05,860 INFO o.a.j.t.JMeterThread: Thread started: PROFILES 1-1
2017-08-28 16:12:05,862 INFO o.a.j.s.FileServer: Stored: /home/rocaweb/Documents/rocaweb-scripts/nodes.csv
2017-08-28 16:12:05,871 INFO o.a.j.p.h.s.HTTPHCAbstractImpl: Local host = debian8
2017-08-28 16:12:05,874 INFO o.a.j.p.h.s.HTTPHC4Impl: HTTP request retry count = 0
2017-08-28 16:12:05,879 INFO o.a.j.s.SampleResult: Note: Sample TimeStamps are START times
2017-08-28 16:12:05,879 INFO o.a.j.s.SampleResult: sampleresult.default.encoding is set to ISO-8859-1
2017-08-28 16:12:05,879 INFO o.a.j.s.SampleResult: sampleresult.useNanoTime=true
2017-08-28 16:12:05,879 INFO o.a.j.s.SampleResult: sampleresult.nanoThreadSleep=5000
2017-08-28 16:12:05,940 INFO o.a.j.r.Summariser: summary +      1 in 00:00:00 =    7,5/s Avg:    43 Min:    43 Max:    43 Err:     0 (0,00%) Active: 1 Started: 1 Finished: 0
2017-08-28 16:12:06,122 INFO o.a.j.t.JMeterThread: Stop Thread seen for thread PROFILES 1-1, reason: org.apache.jorphan.util.JMeterStopThreadException: End of file:/home/rocaweb/Documents/rocaweb-scripts/nodes.csv detected for CSV DataSet:Source de données CSV configured with stopThread:true, recycle:false
2017-08-28 16:12:06,122 INFO o.a.j.t.JMeterThread: Thread finished: PROFILES 1-1
2017-08-28 16:12:06,122 INFO o.a.j.e.StandardJMeterEngine: Notifying test listeners of end of test
2017-08-28 16:12:06,123 INFO o.a.j.s.FileServer: Close: /home/rocaweb/Documents/rocaweb-scripts/nodes.csv
2017-08-28 16:12:06,123 INFO o.a.j.r.Summariser: summary +     77 in 00:00:00 =  420,8/s Avg:     1 Min:     0 Max:    14 Err:     0 (0,00%) Active: 0 Started: 1 Finished: 1
2017-08-28 16:12:06,123 INFO o.a.j.r.Summariser: summary =     78 in 00:00:00 =  246,1/s Avg:     2 Min:     0 Max:    43 Err:     0 (0,00%)
