2017-08-28 17:13:49,034 INFO o.a.j.u.JMeterUtils: Setting Locale to fr_FR
2017-08-28 17:13:49,055 INFO o.a.j.u.JMeterUtils: Could not find resources for 'fr_FR', using 'fr'
2017-08-28 17:13:49,057 INFO o.a.j.JMeter: Loading user properties from: /home/rocaweb/Téléchargements/apache-jmeter-3.2/bin/user.properties
2017-08-28 17:13:49,057 INFO o.a.j.JMeter: Loading system properties from: /home/rocaweb/Téléchargements/apache-jmeter-3.2/bin/system.properties
2017-08-28 17:13:49,057 INFO o.a.j.JMeter: Setting JMeter property: location=/home/rocaweb/Documents/rocaweb-scripts/ATCK-2017-08-28_16h55m58s
2017-08-28 17:13:49,057 INFO o.a.j.JMeter: Setting JMeter property: algo=regexlearner
2017-08-28 17:13:49,065 INFO o.a.j.JMeter: Copyright (c) 1998-2017 The Apache Software Foundation
2017-08-28 17:13:49,065 INFO o.a.j.JMeter: Version 3.2 r1790748
2017-08-28 17:13:49,065 INFO o.a.j.JMeter: java.version=1.8.0_131
2017-08-28 17:13:49,065 INFO o.a.j.JMeter: java.vm.name=OpenJDK 64-Bit Server VM
2017-08-28 17:13:49,065 INFO o.a.j.JMeter: os.name=Linux
2017-08-28 17:13:49,065 INFO o.a.j.JMeter: os.arch=amd64
2017-08-28 17:13:49,065 INFO o.a.j.JMeter: os.version=3.16.0-4-amd64
2017-08-28 17:13:49,065 INFO o.a.j.JMeter: file.encoding=UTF-8
2017-08-28 17:13:49,066 INFO o.a.j.JMeter: Max memory     =536870912
2017-08-28 17:13:49,066 INFO o.a.j.JMeter: Available Processors =4
2017-08-28 17:13:49,075 INFO o.a.j.JMeter: Default Locale=français (France)
2017-08-28 17:13:49,075 INFO o.a.j.JMeter: JMeter  Locale=français (France)
2017-08-28 17:13:49,076 INFO o.a.j.JMeter: JMeterHome=/home/rocaweb/Téléchargements/apache-jmeter-3.2
2017-08-28 17:13:49,076 INFO o.a.j.JMeter: user.dir  =/home/rocaweb/Documents/rocaweb-scripts/Installation-setup/jmeter-scripts-OK-ATCK/ATCK
2017-08-28 17:13:49,076 INFO o.a.j.JMeter: PWD       =/home/rocaweb/Documents/rocaweb-scripts/Installation-setup/jmeter-scripts-OK-ATCK/ATCK
2017-08-28 17:13:49,076 INFO o.a.j.JMeter: IP: 127.0.1.1 Name: debian8 FullName: debian8
2017-08-28 17:13:49,079 INFO o.a.j.s.FileServer: Default base='/home/rocaweb/Documents/rocaweb-scripts/Installation-setup/jmeter-scripts-OK-ATCK/ATCK'
2017-08-28 17:13:49,079 INFO o.a.j.s.FileServer: Set new base='/home/rocaweb/Documents/rocaweb-scripts/Installation-setup/jmeter-scripts-OK-ATCK/ATCK'
2017-08-28 17:13:49,249 INFO o.a.j.s.SaveService: Testplan (JMX) version: 2.2. Testlog (JTL) version: 2.2
2017-08-28 17:13:49,262 INFO o.a.j.s.SaveService: Using SaveService properties file encoding UTF-8
2017-08-28 17:13:49,266 INFO o.a.j.s.SaveService: Using SaveService properties version 3.2
2017-08-28 17:13:49,273 INFO o.a.j.s.SaveService: Loading file: /home/rocaweb/Documents/rocaweb-scripts/Installation-setup/jmeter-scripts-OK-ATCK/ATCK/signup_ATCK.jmx
2017-08-28 17:13:49,344 INFO o.a.j.p.h.c.CookieManager: Settings: Delete null: true Check: true Allow variable: true Save: false Prefix: COOKIE_
2017-08-28 17:13:49,352 INFO o.a.j.p.h.s.HTTPSamplerBase: Parser for text/html is org.apache.jmeter.protocol.http.parser.LagartoBasedHtmlParser
2017-08-28 17:13:49,352 INFO o.a.j.p.h.s.HTTPSamplerBase: Parser for application/xhtml+xml is org.apache.jmeter.protocol.http.parser.LagartoBasedHtmlParser
2017-08-28 17:13:49,352 INFO o.a.j.p.h.s.HTTPSamplerBase: Parser for application/xml is org.apache.jmeter.protocol.http.parser.LagartoBasedHtmlParser
2017-08-28 17:13:49,352 INFO o.a.j.p.h.s.HTTPSamplerBase: Parser for text/xml is org.apache.jmeter.protocol.http.parser.LagartoBasedHtmlParser
2017-08-28 17:13:49,352 INFO o.a.j.p.h.s.HTTPSamplerBase: Parser for text/vnd.wap.wml is org.apache.jmeter.protocol.http.parser.RegexpHTMLParser
2017-08-28 17:13:49,352 INFO o.a.j.p.h.s.HTTPSamplerBase: Parser for text/css is org.apache.jmeter.protocol.http.parser.CssParser
2017-08-28 17:13:49,416 INFO o.a.j.JMeter: Creating summariser <summary>
2017-08-28 17:13:49,424 INFO o.a.j.e.StandardJMeterEngine: Running the test!
2017-08-28 17:13:49,432 INFO o.a.j.s.SampleEvent: List of sample_variables: []
2017-08-28 17:13:49,432 INFO o.a.j.s.SampleEvent: List of sample_variables: []
2017-08-28 17:13:49,442 INFO o.a.j.e.u.CompoundVariable: Note: Function class names must contain the string: '.functions.'
2017-08-28 17:13:49,442 INFO o.a.j.e.u.CompoundVariable: Note: Function class names must not contain the string: '.gui.'
2017-08-28 17:13:49,890 INFO o.a.j.JMeter: Lancer test (1503933229890)
2017-08-28 17:13:49,964 INFO o.a.j.e.StandardJMeterEngine: Starting ThreadGroup: 1 : Full browsing on Hackazon website
2017-08-28 17:13:49,964 INFO o.a.j.e.StandardJMeterEngine: Starting 1 threads for group Full browsing on Hackazon website.
2017-08-28 17:13:49,964 INFO o.a.j.e.StandardJMeterEngine: Thread will continue on error
2017-08-28 17:13:49,964 INFO o.a.j.t.ThreadGroup: Starting thread group... number=1 threads=1 ramp-up=1 perThread=1000.0 delayedStart=false
2017-08-28 17:13:49,978 INFO o.a.j.t.ThreadGroup: Started thread group number 1
2017-08-28 17:13:49,978 INFO o.a.j.e.StandardJMeterEngine: All thread groups have been started
2017-08-28 17:13:50,007 INFO o.a.j.t.JMeterThread: Thread started: Full browsing on Hackazon website 1-1
2017-08-28 17:13:50,008 INFO o.a.j.s.FileServer: Stored: ../data/purchase_data_ATCK_500.csv
2017-08-28 17:13:50,009 INFO o.a.j.s.FileServer: Stored: ../data/purchase_data_OK_500.csv
2017-08-28 17:13:50,022 INFO o.a.j.p.h.s.HTTPHCAbstractImpl: Local host = debian8
2017-08-28 17:13:50,025 INFO o.a.j.p.h.s.HTTPHC4Impl: HTTP request retry count = 0
2017-08-28 17:13:50,039 INFO o.a.j.s.SampleResult: Note: Sample TimeStamps are START times
2017-08-28 17:13:50,039 INFO o.a.j.s.SampleResult: sampleresult.default.encoding is set to ISO-8859-1
2017-08-28 17:13:50,039 INFO o.a.j.s.SampleResult: sampleresult.useNanoTime=true
2017-08-28 17:13:50,039 INFO o.a.j.s.SampleResult: sampleresult.nanoThreadSleep=5000
2017-08-28 17:14:00,024 INFO o.a.j.r.Summariser: summary +    260 in 00:00:10 =   25,7/s Avg:    37 Min:     0 Max:   291 Err:   111 (42,69%) Active: 1 Started: 1 Finished: 0
2017-08-28 17:14:30,006 INFO o.a.j.r.Summariser: summary +    944 in 00:00:30 =   31,5/s Avg:    31 Min:     0 Max:   812 Err:   405 (42,90%) Active: 1 Started: 1 Finished: 0
2017-08-28 17:14:30,006 INFO o.a.j.r.Summariser: summary =   1204 in 00:00:40 =   30,0/s Avg:    32 Min:     0 Max:   812 Err:   516 (42,86%)
2017-08-28 17:15:00,024 INFO o.a.j.r.Summariser: summary +    942 in 00:00:30 =   31,4/s Avg:    31 Min:     0 Max:   393 Err:   403 (42,78%) Active: 1 Started: 1 Finished: 0
2017-08-28 17:15:00,024 INFO o.a.j.r.Summariser: summary =   2146 in 00:01:10 =   30,6/s Avg:    32 Min:     0 Max:   812 Err:   919 (42,82%)
2017-08-28 17:15:30,001 INFO o.a.j.r.Summariser: summary +    986 in 00:00:30 =   32,9/s Avg:    30 Min:     0 Max:   269 Err:   424 (43,00%) Active: 1 Started: 1 Finished: 0
2017-08-28 17:15:30,002 INFO o.a.j.r.Summariser: summary =   3132 in 00:01:40 =   31,3/s Avg:    31 Min:     0 Max:   812 Err:  1343 (42,88%)
2017-08-28 17:16:00,008 INFO o.a.j.r.Summariser: summary +    985 in 00:00:30 =   32,8/s Avg:    30 Min:     0 Max:   331 Err:   422 (42,84%) Active: 1 Started: 1 Finished: 0
2017-08-28 17:16:00,009 INFO o.a.j.r.Summariser: summary =   4117 in 00:02:10 =   31,6/s Avg:    31 Min:     0 Max:   812 Err:  1765 (42,87%)
2017-08-28 17:16:30,016 INFO o.a.j.r.Summariser: summary +   1001 in 00:00:30 =   33,4/s Avg:    29 Min:     0 Max:   298 Err:   429 (42,86%) Active: 1 Started: 1 Finished: 0
2017-08-28 17:16:30,017 INFO o.a.j.r.Summariser: summary =   5118 in 00:02:40 =   32,0/s Avg:    31 Min:     0 Max:   812 Err:  2194 (42,87%)
2017-08-28 17:17:00,036 INFO o.a.j.r.Summariser: summary +   1030 in 00:00:30 =   34,3/s Avg:    28 Min:     0 Max:   286 Err:   442 (42,91%) Active: 1 Started: 1 Finished: 0
2017-08-28 17:17:00,036 INFO o.a.j.r.Summariser: summary =   6148 in 00:03:10 =   32,3/s Avg:    30 Min:     0 Max:   812 Err:  2636 (42,88%)
2017-08-28 17:17:24,349 INFO o.a.j.t.JMeterThread: Stop Thread seen for thread Full browsing on Hackazon website 1-1, reason: org.apache.jorphan.util.JMeterStopThreadException: End of file:../data/purchase_data_ATCK_500.csv detected for CSV DataSet:ATCK CSV Data configured with stopThread:true, recycle:false
2017-08-28 17:17:24,349 INFO o.a.j.t.JMeterThread: Thread finished: Full browsing on Hackazon website 1-1
2017-08-28 17:17:24,349 INFO o.a.j.e.StandardJMeterEngine: Notifying test listeners of end of test
2017-08-28 17:17:24,349 INFO o.a.j.s.FileServer: Close: ../data/purchase_data_ATCK_500.csv
2017-08-28 17:17:24,349 INFO o.a.j.s.FileServer: Close: ../data/purchase_data_OK_500.csv
2017-08-28 17:17:24,350 INFO o.a.j.r.Summariser: summary +    838 in 00:00:24 =   34,5/s Avg:    28 Min:     0 Max:   419 Err:   355 (42,36%) Active: 0 Started: 1 Finished: 1
2017-08-28 17:17:24,350 INFO o.a.j.r.Summariser: summary =   6986 in 00:03:34 =   32,6/s Avg:    30 Min:     0 Max:   812 Err:  2991 (42,81%)
